{"/home/k-majick/Documents/nuxt-majick/components/header.vue": {"path":"/home/k-majick/Documents/nuxt-majick/components/header.vue","statementMap":{"0":{"start":{"line":29,"column":0},"end":{"line":29,"column":null}},"1":{"start":{"line":33,"column":0},"end":{"line":33,"column":null}},"2":{"start":{"line":37,"column":0},"end":{"line":37,"column":null}},"3":{"start":{"line":40,"column":0},"end":{"line":40,"column":null}},"4":{"start":{"line":48,"column":0},"end":{"line":48,"column":null}},"5":{"start":{"line":49,"column":0},"end":{"line":49,"column":null}},"6":{"start":{"line":50,"column":0},"end":{"line":50,"column":null}},"7":{"start":{"line":48,"column":0},"end":{"line":42,"column":null}}},"fnMap":{"0":{"name":"(anonymous_3)","decl":{"start":{"line":48,"column":0},"end":{"line":48,"column":null}},"loc":{"start":{"line":48,"column":0},"end":{"line":51,"column":null}}}},"branchMap":{},"s":{"0":1,"1":1,"2":1,"3":1,"4":1,"5":1,"6":1,"7":1},"f":{"0":1},"b":{}}
,"/home/k-majick/Documents/nuxt-majick/components/loading.vue": {"path":"/home/k-majick/Documents/nuxt-majick/components/loading.vue","statementMap":{"0":{"start":{"line":9,"column":0},"end":{"line":9,"column":null}},"1":{"start":{"line":15,"column":0},"end":{"line":15,"column":null}},"2":{"start":{"line":18,"column":0},"end":{"line":18,"column":null}},"3":{"start":{"line":22,"column":0},"end":{"line":22,"column":null}}},"fnMap":{"0":{"name":"(anonymous_1)","decl":{"start":{"line":14,"column":0},"end":{"line":14,"column":null}},"loc":{"start":{"line":14,"column":0},"end":{"line":25,"column":null}}},"1":{"name":"(anonymous_2)","decl":{"start":{"line":17,"column":0},"end":{"line":17,"column":null}},"loc":{"start":{"line":17,"column":0},"end":{"line":19,"column":null}}},"2":{"name":"(anonymous_3)","decl":{"start":{"line":21,"column":0},"end":{"line":21,"column":null}},"loc":{"start":{"line":21,"column":0},"end":{"line":23,"column":null}}}},"branchMap":{},"s":{"0":0,"1":0,"2":0,"3":0},"f":{"0":0,"1":0,"2":0},"b":{}}
,"/home/k-majick/Documents/nuxt-majick/components/modal.vue": {"path":"/home/k-majick/Documents/nuxt-majick/components/modal.vue","statementMap":{"0":{"start":{"line":17,"column":0},"end":{"line":17,"column":null}},"1":{"start":{"line":24,"column":0},"end":{"line":24,"column":null}},"2":{"start":{"line":26,"column":0},"end":{"line":26,"column":null}},"3":{"start":{"line":28,"column":0},"end":{"line":28,"column":null}}},"fnMap":{"0":{"name":"(anonymous_2)","decl":{"start":{"line":24,"column":0},"end":{"line":24,"column":null}},"loc":{"start":{"line":24,"column":0},"end":{"line":30,"column":null}}}},"branchMap":{},"s":{"0":0,"1":0,"2":0,"3":0},"f":{"0":0},"b":{}}
,"/home/k-majick/Documents/nuxt-majick/components/nav.vue": {"path":"/home/k-majick/Documents/nuxt-majick/components/nav.vue","statementMap":{"0":{"start":{"line":16,"column":0},"end":{"line":16,"column":null}},"1":{"start":{"line":20,"column":0},"end":{"line":20,"column":null}},"2":{"start":{"line":22,"column":0},"end":{"line":22,"column":null}},"3":{"start":{"line":23,"column":0},"end":{"line":23,"column":null}},"4":{"start":{"line":28,"column":0},"end":{"line":28,"column":null}},"5":{"start":{"line":30,"column":0},"end":{"line":30,"column":null}},"6":{"start":{"line":31,"column":0},"end":{"line":31,"column":null}},"7":{"start":{"line":34,"column":0},"end":{"line":34,"column":null}},"8":{"start":{"line":38,"column":0},"end":{"line":40,"column":null}},"9":{"start":{"line":39,"column":0},"end":{"line":39,"column":null}},"10":{"start":{"line":28,"column":0},"end":{"line":25,"column":null}}},"fnMap":{"0":{"name":"(anonymous_3)","decl":{"start":{"line":28,"column":0},"end":{"line":28,"column":null}},"loc":{"start":{"line":28,"column":0},"end":{"line":43,"column":null}}},"1":{"name":"(anonymous_4)","decl":{"start":{"line":33,"column":0},"end":{"line":33,"column":null}},"loc":{"start":{"line":33,"column":0},"end":{"line":35,"column":null}}},"2":{"name":"(anonymous_5)","decl":{"start":{"line":37,"column":0},"end":{"line":37,"column":null}},"loc":{"start":{"line":37,"column":0},"end":{"line":41,"column":null}}},"3":{"name":"(anonymous_6)","decl":{"start":{"line":38,"column":0},"end":{"line":38,"column":null}},"loc":{"start":{"line":38,"column":0},"end":{"line":40,"column":null}}}},"branchMap":{},"s":{"0":0,"1":0,"2":0,"3":0,"4":0,"5":0,"6":0,"7":0,"8":0,"9":0,"10":0},"f":{"0":0,"1":0,"2":0,"3":0},"b":{}}
,"/home/k-majick/Documents/nuxt-majick/pages/index.vue": {"path":"/home/k-majick/Documents/nuxt-majick/pages/index.vue","statementMap":{"0":{"start":{"line":23,"column":0},"end":{"line":23,"column":null}},"1":{"start":{"line":27,"column":0},"end":{"line":27,"column":null}},"2":{"start":{"line":28,"column":0},"end":{"line":28,"column":null}},"3":{"start":{"line":29,"column":0},"end":{"line":29,"column":null}},"4":{"start":{"line":42,"column":0},"end":{"line":42,"column":null}},"5":{"start":{"line":43,"column":0},"end":{"line":43,"column":null}},"6":{"start":{"line":46,"column":0},"end":{"line":48,"column":null}},"7":{"start":{"line":47,"column":0},"end":{"line":47,"column":null}},"8":{"start":{"line":52,"column":0},"end":{"line":52,"column":null}},"9":{"start":{"line":42,"column":0},"end":{"line":33,"column":null}}},"fnMap":{"0":{"name":"(anonymous_3)","decl":{"start":{"line":42,"column":0},"end":{"line":42,"column":null}},"loc":{"start":{"line":42,"column":0},"end":{"line":55,"column":null}}},"1":{"name":"(anonymous_4)","decl":{"start":{"line":45,"column":0},"end":{"line":45,"column":null}},"loc":{"start":{"line":45,"column":0},"end":{"line":49,"column":null}}},"2":{"name":"(anonymous_5)","decl":{"start":{"line":46,"column":0},"end":{"line":46,"column":null}},"loc":{"start":{"line":46,"column":0},"end":{"line":48,"column":null}}},"3":{"name":"(anonymous_6)","decl":{"start":{"line":51,"column":0},"end":{"line":51,"column":null}},"loc":{"start":{"line":51,"column":0},"end":{"line":53,"column":null}}}},"branchMap":{},"s":{"0":0,"1":0,"2":0,"3":0,"4":0,"5":0,"6":0,"7":0,"8":0,"9":0},"f":{"0":0,"1":0,"2":0,"3":0},"b":{}}
,"/home/k-majick/Documents/nuxt-majick/pages/index/experience.vue": {"path":"/home/k-majick/Documents/nuxt-majick/pages/index/experience.vue","statementMap":{"0":{"start":{"line":37,"column":0},"end":{"line":37,"column":null}},"1":{"start":{"line":38,"column":0},"end":{"line":38,"column":null}},"2":{"start":{"line":43,"column":0},"end":{"line":43,"column":null}},"3":{"start":{"line":45,"column":0},"end":{"line":45,"column":null}},"4":{"start":{"line":46,"column":0},"end":{"line":46,"column":null}},"5":{"start":{"line":47,"column":0},"end":{"line":47,"column":null}},"6":{"start":{"line":48,"column":0},"end":{"line":48,"column":null}},"7":{"start":{"line":49,"column":0},"end":{"line":49,"column":null}},"8":{"start":{"line":50,"column":0},"end":{"line":50,"column":null}},"9":{"start":{"line":51,"column":0},"end":{"line":51,"column":null}},"10":{"start":{"line":52,"column":0},"end":{"line":52,"column":null}},"11":{"start":{"line":53,"column":0},"end":{"line":63,"column":null}},"12":{"start":{"line":54,"column":0},"end":{"line":54,"column":null}},"13":{"start":{"line":55,"column":0},"end":{"line":63,"column":null}},"14":{"start":{"line":56,"column":0},"end":{"line":56,"column":null}},"15":{"start":{"line":57,"column":0},"end":{"line":63,"column":null}},"16":{"start":{"line":58,"column":0},"end":{"line":58,"column":null}},"17":{"start":{"line":59,"column":0},"end":{"line":63,"column":null}},"18":{"start":{"line":60,"column":0},"end":{"line":60,"column":null}},"19":{"start":{"line":61,"column":0},"end":{"line":63,"column":null}},"20":{"start":{"line":62,"column":0},"end":{"line":62,"column":null}},"21":{"start":{"line":43,"column":0},"end":{"line":40,"column":null}}},"fnMap":{"0":{"name":"(anonymous_3)","decl":{"start":{"line":44,"column":0},"end":{"line":44,"column":null}},"loc":{"start":{"line":44,"column":0},"end":{"line":64,"column":null}}}},"branchMap":{"0":{"loc":{"start":{"line":53,"column":0},"end":{"line":63,"column":null}},"type":"if","locations":[{"start":{"line":53,"column":0},"end":{"line":63,"column":null}},{"start":{"line":53,"column":0},"end":{"line":63,"column":null}}]},"1":{"loc":{"start":{"line":55,"column":0},"end":{"line":63,"column":null}},"type":"if","locations":[{"start":{"line":55,"column":0},"end":{"line":63,"column":null}},{"start":{"line":55,"column":0},"end":{"line":63,"column":null}}]},"2":{"loc":{"start":{"line":57,"column":0},"end":{"line":63,"column":null}},"type":"if","locations":[{"start":{"line":57,"column":0},"end":{"line":63,"column":null}},{"start":{"line":57,"column":0},"end":{"line":63,"column":null}}]},"3":{"loc":{"start":{"line":57,"column":0},"end":{"line":57,"column":null}},"type":"binary-expr","locations":[{"start":{"line":57,"column":0},"end":{"line":57,"column":null}},{"start":{"line":57,"column":0},"end":{"line":57,"column":null}}]},"4":{"loc":{"start":{"line":59,"column":0},"end":{"line":63,"column":null}},"type":"if","locations":[{"start":{"line":59,"column":0},"end":{"line":63,"column":null}},{"start":{"line":59,"column":0},"end":{"line":63,"column":null}}]},"5":{"loc":{"start":{"line":59,"column":0},"end":{"line":59,"column":null}},"type":"binary-expr","locations":[{"start":{"line":59,"column":0},"end":{"line":59,"column":null}},{"start":{"line":59,"column":0},"end":{"line":59,"column":null}}]},"6":{"loc":{"start":{"line":61,"column":0},"end":{"line":63,"column":null}},"type":"if","locations":[{"start":{"line":61,"column":0},"end":{"line":63,"column":null}},{"start":{"line":61,"column":0},"end":{"line":63,"column":null}}]}},"s":{"0":0,"1":0,"2":0,"3":0,"4":0,"5":0,"6":0,"7":0,"8":0,"9":0,"10":0,"11":0,"12":0,"13":0,"14":0,"15":0,"16":0,"17":0,"18":0,"19":0,"20":0,"21":0},"f":{"0":0},"b":{"0":[0,0],"1":[0,0],"2":[0,0],"3":[0,0],"4":[0,0],"5":[0,0],"6":[0,0]}}
,"/home/k-majick/Documents/nuxt-majick/pages/index/hire-me.vue": {"path":"/home/k-majick/Documents/nuxt-majick/pages/index/hire-me.vue","statementMap":{"0":{"start":{"line":41,"column":0},"end":{"line":41,"column":null}},"1":{"start":{"line":46,"column":0},"end":{"line":46,"column":null}},"2":{"start":{"line":47,"column":0},"end":{"line":47,"column":null}},"3":{"start":{"line":49,"column":0},"end":{"line":49,"column":null}},"4":{"start":{"line":52,"column":0},"end":{"line":52,"column":null}},"5":{"start":{"line":60,"column":0},"end":{"line":60,"column":null}},"6":{"start":{"line":62,"column":0},"end":{"line":62,"column":null}},"7":{"start":{"line":83,"column":0},"end":{"line":83,"column":null}},"8":{"start":{"line":84,"column":0},"end":{"line":84,"column":null}},"9":{"start":{"line":85,"column":0},"end":{"line":85,"column":null}},"10":{"start":{"line":86,"column":0},"end":{"line":86,"column":null}},"11":{"start":{"line":87,"column":0},"end":{"line":87,"column":null}},"12":{"start":{"line":88,"column":0},"end":{"line":88,"column":null}},"13":{"start":{"line":89,"column":0},"end":{"line":89,"column":null}},"14":{"start":{"line":90,"column":0},"end":{"line":92,"column":null}},"15":{"start":{"line":116,"column":0},"end":{"line":119,"column":null}},"16":{"start":{"line":117,"column":0},"end":{"line":117,"column":null}},"17":{"start":{"line":118,"column":0},"end":{"line":118,"column":null}},"18":{"start":{"line":121,"column":0},"end":{"line":121,"column":null}},"19":{"start":{"line":124,"column":0},"end":{"line":124,"column":null}},"20":{"start":{"line":128,"column":0},"end":{"line":131,"column":null}},"21":{"start":{"line":129,"column":0},"end":{"line":129,"column":null}},"22":{"start":{"line":135,"column":0},"end":{"line":135,"column":null}},"23":{"start":{"line":137,"column":0},"end":{"line":137,"column":null}},"24":{"start":{"line":139,"column":0},"end":{"line":139,"column":null}},"25":{"start":{"line":140,"column":0},"end":{"line":140,"column":null}},"26":{"start":{"line":141,"column":0},"end":{"line":141,"column":null}},"27":{"start":{"line":143,"column":0},"end":{"line":145,"column":null}},"28":{"start":{"line":144,"column":0},"end":{"line":144,"column":null}},"29":{"start":{"line":149,"column":0},"end":{"line":151,"column":null}},"30":{"start":{"line":150,"column":0},"end":{"line":150,"column":null}},"31":{"start":{"line":152,"column":0},"end":{"line":152,"column":null}},"32":{"start":{"line":153,"column":0},"end":{"line":153,"column":null}},"33":{"start":{"line":83,"column":0},"end":{"line":64,"column":null}}},"fnMap":{"0":{"name":"(anonymous_3)","decl":{"start":{"line":83,"column":0},"end":{"line":83,"column":null}},"loc":{"start":{"line":83,"column":0},"end":{"line":156,"column":null}}},"1":{"name":"(anonymous_4)","decl":{"start":{"line":115,"column":0},"end":{"line":115,"column":null}},"loc":{"start":{"line":115,"column":0},"end":{"line":125,"column":null}}},"2":{"name":"(anonymous_5)","decl":{"start":{"line":127,"column":0},"end":{"line":127,"column":null}},"loc":{"start":{"line":127,"column":0},"end":{"line":132,"column":null}}},"3":{"name":"(anonymous_6)","decl":{"start":{"line":134,"column":0},"end":{"line":134,"column":null}},"loc":{"start":{"line":134,"column":0},"end":{"line":146,"column":null}}},"4":{"name":"(anonymous_7)","decl":{"start":{"line":143,"column":0},"end":{"line":143,"column":null}},"loc":{"start":{"line":143,"column":0},"end":{"line":145,"column":null}}},"5":{"name":"(anonymous_8)","decl":{"start":{"line":148,"column":0},"end":{"line":148,"column":null}},"loc":{"start":{"line":148,"column":0},"end":{"line":154,"column":null}}}},"branchMap":{"0":{"loc":{"start":{"line":121,"column":0},"end":{"line":121,"column":null}},"type":"if","locations":[{"start":{"line":121,"column":0},"end":{"line":121,"column":null}},{"start":{"line":121,"column":0},"end":{"line":121,"column":null}}]},"1":{"loc":{"start":{"line":129,"column":0},"end":{"line":129,"column":null}},"type":"if","locations":[{"start":{"line":129,"column":0},"end":{"line":129,"column":null}},{"start":{"line":129,"column":0},"end":{"line":129,"column":null}}]}},"s":{"0":0,"1":0,"2":0,"3":0,"4":0,"5":0,"6":0,"7":0,"8":0,"9":0,"10":0,"11":0,"12":0,"13":0,"14":0,"15":0,"16":0,"17":0,"18":0,"19":0,"20":0,"21":0,"22":0,"23":0,"24":0,"25":0,"26":0,"27":0,"28":0,"29":0,"30":0,"31":0,"32":0,"33":0},"f":{"0":0,"1":0,"2":0,"3":0,"4":0,"5":0},"b":{"0":[0,0],"1":[0,0]}}
,"/home/k-majick/Documents/nuxt-majick/pages/index/inspiration.vue": {"path":"/home/k-majick/Documents/nuxt-majick/pages/index/inspiration.vue","statementMap":{"0":{"start":{"line":23,"column":0},"end":{"line":23,"column":null}},"1":{"start":{"line":27,"column":0},"end":{"line":27,"column":null}},"2":{"start":{"line":28,"column":0},"end":{"line":28,"column":null}},"3":{"start":{"line":29,"column":0},"end":{"line":29,"column":null}},"4":{"start":{"line":31,"column":0},"end":{"line":31,"column":null}},"5":{"start":{"line":48,"column":0},"end":{"line":48,"column":null}},"6":{"start":{"line":49,"column":0},"end":{"line":49,"column":null}},"7":{"start":{"line":52,"column":0},"end":{"line":52,"column":null}},"8":{"start":{"line":53,"column":0},"end":{"line":53,"column":null}},"9":{"start":{"line":54,"column":0},"end":{"line":54,"column":null}},"10":{"start":{"line":57,"column":0},"end":{"line":60,"column":null}},"11":{"start":{"line":58,"column":0},"end":{"line":58,"column":null}},"12":{"start":{"line":59,"column":0},"end":{"line":59,"column":null}},"13":{"start":{"line":48,"column":0},"end":{"line":35,"column":null}}},"fnMap":{"0":{"name":"(anonymous_3)","decl":{"start":{"line":48,"column":0},"end":{"line":48,"column":null}},"loc":{"start":{"line":48,"column":0},"end":{"line":63,"column":null}}},"1":{"name":"(anonymous_4)","decl":{"start":{"line":56,"column":0},"end":{"line":56,"column":null}},"loc":{"start":{"line":56,"column":0},"end":{"line":61,"column":null}}},"2":{"name":"(anonymous_5)","decl":{"start":{"line":57,"column":0},"end":{"line":57,"column":null}},"loc":{"start":{"line":57,"column":0},"end":{"line":60,"column":null}}}},"branchMap":{},"s":{"0":0,"1":0,"2":0,"3":0,"4":0,"5":0,"6":0,"7":0,"8":0,"9":0,"10":0,"11":0,"12":0,"13":0},"f":{"0":0,"1":0,"2":0},"b":{}}
,"/home/k-majick/Documents/nuxt-majick/pages/index/projects.vue": {"path":"/home/k-majick/Documents/nuxt-majick/pages/index/projects.vue","statementMap":{"0":{"start":{"line":32,"column":0},"end":{"line":32,"column":null}},"1":{"start":{"line":36,"column":0},"end":{"line":36,"column":null}},"2":{"start":{"line":37,"column":0},"end":{"line":37,"column":null}},"3":{"start":{"line":38,"column":0},"end":{"line":38,"column":null}},"4":{"start":{"line":40,"column":0},"end":{"line":40,"column":null}},"5":{"start":{"line":57,"column":0},"end":{"line":57,"column":null}},"6":{"start":{"line":58,"column":0},"end":{"line":58,"column":null}},"7":{"start":{"line":61,"column":0},"end":{"line":61,"column":null}},"8":{"start":{"line":62,"column":0},"end":{"line":62,"column":null}},"9":{"start":{"line":63,"column":0},"end":{"line":63,"column":null}},"10":{"start":{"line":66,"column":0},"end":{"line":69,"column":null}},"11":{"start":{"line":68,"column":0},"end":{"line":68,"column":null}},"12":{"start":{"line":57,"column":0},"end":{"line":44,"column":null}}},"fnMap":{"0":{"name":"(anonymous_3)","decl":{"start":{"line":57,"column":0},"end":{"line":57,"column":null}},"loc":{"start":{"line":57,"column":0},"end":{"line":72,"column":null}}},"1":{"name":"(anonymous_4)","decl":{"start":{"line":65,"column":0},"end":{"line":65,"column":null}},"loc":{"start":{"line":65,"column":0},"end":{"line":70,"column":null}}},"2":{"name":"(anonymous_5)","decl":{"start":{"line":66,"column":0},"end":{"line":66,"column":null}},"loc":{"start":{"line":66,"column":0},"end":{"line":69,"column":null}}}},"branchMap":{},"s":{"0":0,"1":0,"2":0,"3":0,"4":0,"5":0,"6":0,"7":0,"8":0,"9":0,"10":0,"11":0,"12":0},"f":{"0":0,"1":0,"2":0},"b":{}}
,"/home/k-majick/Documents/nuxt-majick/pages/index/skills.vue": {"path":"/home/k-majick/Documents/nuxt-majick/pages/index/skills.vue","statementMap":{"0":{"start":{"line":17,"column":0},"end":{"line":17,"column":null}},"1":{"start":{"line":21,"column":0},"end":{"line":21,"column":null}},"2":{"start":{"line":27,"column":0},"end":{"line":27,"column":null}},"3":{"start":{"line":28,"column":0},"end":{"line":28,"column":null}},"4":{"start":{"line":31,"column":0},"end":{"line":31,"column":null}},"5":{"start":{"line":37,"column":0},"end":{"line":37,"column":null}},"6":{"start":{"line":27,"column":0},"end":{"line":24,"column":null}}},"fnMap":{"0":{"name":"(anonymous_3)","decl":{"start":{"line":27,"column":0},"end":{"line":27,"column":null}},"loc":{"start":{"line":27,"column":0},"end":{"line":39,"column":null}}},"1":{"name":"(anonymous_4)","decl":{"start":{"line":30,"column":0},"end":{"line":30,"column":null}},"loc":{"start":{"line":30,"column":0},"end":{"line":34,"column":null}}},"2":{"name":"(anonymous_5)","decl":{"start":{"line":36,"column":0},"end":{"line":36,"column":null}},"loc":{"start":{"line":36,"column":0},"end":{"line":38,"column":null}}},"3":{"name":"(anonymous_6)","decl":{"start":{"line":37,"column":0},"end":{"line":37,"column":null}},"loc":{"start":{"line":37,"column":0},"end":{"line":37,"column":null}}}},"branchMap":{},"s":{"0":0,"1":0,"2":0,"3":0,"4":0,"5":0,"6":0},"f":{"0":0,"1":0,"2":0,"3":0},"b":{}}
,"/home/k-majick/Documents/nuxt-majick/store/_page.ts": {"path":"/home/k-majick/Documents/nuxt-majick/store/_page.ts","statementMap":{"0":{"start":{"line":1,"column":0},"end":{"line":1,"column":77}},"1":{"start":{"line":2,"column":0},"end":{"line":2,"column":51}},"2":{"start":{"line":4,"column":0},"end":{"line":4,"column":32}},"3":{"start":{"line":13,"column":0},"end":{"line":37,"column":null}},"4":{"start":{"line":14,"column":2},"end":{"line":14,"column":18}},"5":{"start":{"line":18,"column":4},"end":{"line":26,"column":null}},"6":{"start":{"line":20,"column":21},"end":{"line":20,"column":29}},"7":{"start":{"line":21,"column":8},"end":{"line":21,"column":48}},"8":{"start":{"line":23,"column":8},"end":{"line":25,"column":null}},"9":{"start":{"line":24,"column":10},"end":{"line":24,"column":20}},"10":{"start":{"line":31,"column":4},"end":{"line":31,"column":21}},"11":{"start":{"line":35,"column":4},"end":{"line":35,"column":21}},"12":{"start":{"line":17,"column":2},"end":{"line":27,"column":null}},"13":{"start":{"line":30,"column":2},"end":{"line":32,"column":null}},"14":{"start":{"line":13,"column":21},"end":{"line":37,"column":null}},"15":{"start":{"line":13,"column":21},"end":{"line":13,"column":32}}},"fnMap":{"0":{"name":"(anonymous_2)","decl":{"start":{"line":13,"column":0},"end":{"line":13,"column":21}},"loc":{"start":{"line":13,"column":0},"end":{"line":37,"column":1}}},"1":{"name":"(anonymous_3)","decl":{"start":{"line":17,"column":2},"end":{"line":17,"column":7}},"loc":{"start":{"line":17,"column":30},"end":{"line":27,"column":3}}},"2":{"name":"(anonymous_4)","decl":{"start":{"line":19,"column":12},"end":{"line":19,"column":15}},"loc":{"start":{"line":19,"column":18},"end":{"line":26,"column":7}}},"3":{"name":"(anonymous_5)","decl":{"start":{"line":23,"column":27},"end":{"line":23,"column":28}},"loc":{"start":{"line":23,"column":35},"end":{"line":25,"column":9}}},"4":{"name":"(anonymous_6)","decl":{"start":{"line":30,"column":2},"end":{"line":30,"column":12}},"loc":{"start":{"line":30,"column":23},"end":{"line":32,"column":3}}},"5":{"name":"(anonymous_7)","decl":{"start":{"line":34,"column":2},"end":{"line":34,"column":6}},"loc":{"start":{"line":34,"column":13},"end":{"line":36,"column":3}}}},"branchMap":{},"s":{"0":0,"1":0,"2":0,"3":0,"4":0,"5":0,"6":0,"7":0,"8":0,"9":0,"10":0,"11":0,"12":0,"13":0,"14":0,"15":0},"f":{"0":0,"1":0,"2":0,"3":0,"4":0,"5":0},"b":{}}
,"/home/k-majick/Documents/nuxt-majick/store/_posts.ts": {"path":"/home/k-majick/Documents/nuxt-majick/store/_posts.ts","statementMap":{"0":{"start":{"line":1,"column":0},"end":{"line":1,"column":77}},"1":{"start":{"line":2,"column":0},"end":{"line":2,"column":51}},"2":{"start":{"line":4,"column":0},"end":{"line":4,"column":32}},"3":{"start":{"line":13,"column":0},"end":{"line":44,"column":null}},"4":{"start":{"line":14,"column":2},"end":{"line":14,"column":21}},"5":{"start":{"line":18,"column":4},"end":{"line":26,"column":null}},"6":{"start":{"line":20,"column":22},"end":{"line":20,"column":30}},"7":{"start":{"line":21,"column":8},"end":{"line":21,"column":50}},"8":{"start":{"line":23,"column":8},"end":{"line":25,"column":null}},"9":{"start":{"line":24,"column":10},"end":{"line":24,"column":21}},"10":{"start":{"line":31,"column":4},"end":{"line":31,"column":23}},"11":{"start":{"line":35,"column":4},"end":{"line":35,"column":22}},"12":{"start":{"line":39,"column":4},"end":{"line":41,"column":null}},"13":{"start":{"line":40,"column":6},"end":{"line":40,"column":77}},"14":{"start":{"line":40,"column":47},"end":{"line":40,"column":75}},"15":{"start":{"line":17,"column":2},"end":{"line":27,"column":null}},"16":{"start":{"line":30,"column":2},"end":{"line":32,"column":null}},"17":{"start":{"line":13,"column":21},"end":{"line":44,"column":null}},"18":{"start":{"line":13,"column":21},"end":{"line":13,"column":33}}},"fnMap":{"0":{"name":"(anonymous_2)","decl":{"start":{"line":13,"column":0},"end":{"line":13,"column":21}},"loc":{"start":{"line":13,"column":0},"end":{"line":44,"column":1}}},"1":{"name":"(anonymous_3)","decl":{"start":{"line":17,"column":2},"end":{"line":17,"column":7}},"loc":{"start":{"line":17,"column":33},"end":{"line":27,"column":3}}},"2":{"name":"(anonymous_4)","decl":{"start":{"line":19,"column":12},"end":{"line":19,"column":15}},"loc":{"start":{"line":19,"column":18},"end":{"line":26,"column":7}}},"3":{"name":"(anonymous_5)","decl":{"start":{"line":23,"column":27},"end":{"line":23,"column":28}},"loc":{"start":{"line":23,"column":35},"end":{"line":25,"column":9}}},"4":{"name":"(anonymous_6)","decl":{"start":{"line":30,"column":2},"end":{"line":30,"column":13}},"loc":{"start":{"line":30,"column":27},"end":{"line":32,"column":3}}},"5":{"name":"(anonymous_7)","decl":{"start":{"line":34,"column":2},"end":{"line":34,"column":6}},"loc":{"start":{"line":34,"column":14},"end":{"line":36,"column":3}}},"6":{"name":"(anonymous_8)","decl":{"start":{"line":38,"column":2},"end":{"line":38,"column":6}},"loc":{"start":{"line":38,"column":17},"end":{"line":42,"column":3}}},"7":{"name":"(anonymous_9)","decl":{"start":{"line":39,"column":11},"end":{"line":39,"column":12}},"loc":{"start":{"line":39,"column":29},"end":{"line":41,"column":5}}},"8":{"name":"(anonymous_10)","decl":{"start":{"line":40,"column":31},"end":{"line":40,"column":32}},"loc":{"start":{"line":40,"column":47},"end":{"line":40,"column":75}}}},"branchMap":{},"s":{"0":0,"1":0,"2":0,"3":0,"4":0,"5":0,"6":0,"7":0,"8":0,"9":0,"10":0,"11":0,"12":0,"13":0,"14":0,"15":0,"16":0,"17":0,"18":0},"f":{"0":0,"1":0,"2":0,"3":0,"4":0,"5":0,"6":0,"7":0,"8":0},"b":{}}
,"/home/k-majick/Documents/nuxt-majick/store/index.ts": {"path":"/home/k-majick/Documents/nuxt-majick/store/index.ts","statementMap":{"0":{"start":{"line":1,"column":0},"end":{"line":1,"column":22}},"1":{"start":{"line":2,"column":0},"end":{"line":2,"column":24}},"2":{"start":{"line":5,"column":0},"end":{"line":5,"column":null}},"3":{"start":{"line":8,"column":2},"end":{"line":8,"column":21}},"4":{"start":{"line":11,"column":13},"end":{"line":13,"column":3}}},"fnMap":{"0":{"name":"(anonymous_1)","decl":{"start":{"line":7,"column":0},"end":{"line":7,"column":6}},"loc":{"start":{"line":7,"column":0},"end":{"line":9,"column":1}}}},"branchMap":{},"s":{"0":0,"1":0,"2":0,"3":0,"4":0},"f":{"0":0},"b":{}}
}
